<?xml version="1.0" encoding="UTF-8"?>
<testsuite xmlns:xsi="http://www.w3.org/2001/XMLSchema-instance" xsi:noNamespaceSchemaLocation="https://maven.apache.org/surefire/maven-surefire-plugin/xsd/surefire-test-report.xsd" name="br.com.alissonbolsoni.chorint.services.impl.ProcessConvertionImplTest" time="0.288" tests="3" errors="0" skipped="0" failures="0">
  <properties>
[...]
</properties>
  <testcase name="try_factory_class" classname="br.com.alissonbolsoni.chorint.services.impl.ProcessConvertionImplTest" time="0.027"/>
  <testcase name="get_exception_when_try_to_get_lines" classname="br.com.alissonbolsoni.chorint.services.impl.ProcessConvertionImplTest" time="0.069"/>
  <testcase name="process_a_file_list" classname="br.com.alissonbolsoni.chorint.services.impl.ProcessConvertionImplTest" time="0.176"/>
</testsuite>